{
  "0 debug pnpm:scope": {
    "selected": 1
  },
  "1 debug pnpm:package-manifest": {
    "initial": {
      "name": "gen",
      "version": "0.2.2",
      "description": "An extremely simple syntax for writing interactive fiction that can be embedded in any website.",
      "main": "index.js",
      "scripts": {
        "test": "standard",
        "serve": "serve -s dist -l 3000",
        "build": "cross-env NODE_ENV=production webpack --config config/webpack.prod.js",
        "build:gh": "cross-env NODE_ENV=production webpack --config config/webpack.gh.js",
        "start": "cross-env NODE_ENV=development BROWSER=none webpack serve --config config/webpack.dev.js",
        "fix": "standard --fix",
        "deploy": "npm run build:gh && git add dist/** && git commit -m \"deploy commit\" && git subtree push --prefix dist origin gh-pages"
      },
      "repository": {
        "type": "git",
        "url": "git+https://github.com/PlytonRexus/if-script.git"
      },
      "keywords": [
        "syntax",
        "embedded",
        "interactive-fiction",
        "text-adventure-game",
        "scenes",
        "timers",
        "choice-syntax"
      ],
      "author": "Mihir Jichkar (PlytonRexus)",
      "license": "MIT",
      "bugs": {
        "url": "https://github.com/PlytonRexus/if-script/issues"
      },
      "homepage": "https://github.com/PlytonRexus/if-script#readme",
      "dependencies": {
        "path-browserify": "^1.0.1",
        "fs-browserify": "*"
      },
      "devDependencies": {
        "@babel/core": "^7.14.3",
        "@babel/plugin-proposal-class-properties": "^7.13.0",
        "@babel/preset-env": "^7.14.2",
        "babel-loader": "^8.2.2",
        "babel-polyfill": "^6.26.0",
        "clean-webpack-plugin": "^4.0.0-alpha.0",
        "cross-env": "^7.0.3",
        "css-loader": "^5.2.6",
        "css-minimizer-webpack-plugin": "^3.0.0",
        "html-webpack-plugin": "^5.3.1",
        "mini-css-extract-plugin": "^1.6.0",
        "prettier-config-standard": "^4.0.0",
        "serve": "^11.3.2",
        "standard": "^16.0.3",
        "style-loader": "^2.0.0",
        "webpack": "^5.37.1",
        "webpack-cli": "^4.7.0",
        "webpack-dev-server": "^3.11.2",
        "webpack-merge": "^5.8.0"
      },
      "standard": {
        "ignore": [
          "src/assets/**",
          "src/lib/**",
          "dist/**"
        ]
      }
    },
    "prefix": "/home/mihir/dev/Sandbox/mgen"
  },
  "2 debug pnpm:context": {
    "currentLockfileExists": false,
    "storeDir": "/home/mihir/.pnpm-store/v3",
    "virtualStoreDir": "/home/mihir/dev/Sandbox/mgen/node_modules/.pnpm"
  },
  "3 debug pnpm:stage": {
    "prefix": "/home/mihir/dev/Sandbox/mgen",
    "stage": "resolution_started"
  },
  "4 debug pnpm:_dependency_resolved": {
    "resolution": "registry.npmjs.org/babel-polyfill/6.26.0",
    "wanted": {
      "dependentId": ".",
      "name": "babel-polyfill",
      "rawSpec": "^6.26.0"
    }
  },
  "5 debug pnpm:progress": {
    "packageId": "registry.npmjs.org/babel-polyfill/6.26.0",
    "requester": "/home/mihir/dev/Sandbox/mgen",
    "status": "resolved"
  },
  "6 debug pnpm:progress": {
    "packageId": "registry.npmjs.org/babel-polyfill/6.26.0",
    "requester": "/home/mihir/dev/Sandbox/mgen",
    "status": "found_in_store"
  },
  "7 debug pnpm:_dependency_resolved": {
    "resolution": "registry.npmjs.org/mini-css-extract-plugin/1.6.2",
    "wanted": {
      "dependentId": ".",
      "name": "mini-css-extract-plugin",
      "rawSpec": "^1.6.0"
    }
  },
  "8 debug pnpm:progress": {
    "packageId": "registry.npmjs.org/mini-css-extract-plugin/1.6.2",
    "requester": "/home/mihir/dev/Sandbox/mgen",
    "status": "resolved"
  },
  "9 debug pnpm:progress": {
    "packageId": "registry.npmjs.org/mini-css-extract-plugin/1.6.2",
    "requester": "/home/mihir/dev/Sandbox/mgen",
    "status": "found_in_store"
  },
  "10 debug pnpm:_dependency_resolved": {
    "resolution": "registry.npmjs.org/css-minimizer-webpack-plugin/3.4.1",
    "wanted": {
      "dependentId": ".",
      "name": "css-minimizer-webpack-plugin",
      "rawSpec": "^3.0.0"
    }
  },
  "11 debug pnpm:progress": {
    "packageId": "registry.npmjs.org/css-minimizer-webpack-plugin/3.4.1",
    "requester": "/home/mihir/dev/Sandbox/mgen",
    "status": "resolved"
  },
  "12 debug pnpm:_dependency_resolved": {
    "resolution": "registry.npmjs.org/clean-webpack-plugin/4.0.0",
    "wanted": {
      "dependentId": ".",
      "name": "clean-webpack-plugin",
      "rawSpec": "^4.0.0-alpha.0"
    }
  },
  "13 debug pnpm:progress": {
    "packageId": "registry.npmjs.org/clean-webpack-plugin/4.0.0",
    "requester": "/home/mihir/dev/Sandbox/mgen",
    "status": "resolved"
  },
  "14 debug pnpm:progress": {
    "packageId": "registry.npmjs.org/css-minimizer-webpack-plugin/3.4.1",
    "requester": "/home/mihir/dev/Sandbox/mgen",
    "status": "found_in_store"
  },
  "15 debug pnpm:progress": {
    "packageId": "registry.npmjs.org/clean-webpack-plugin/4.0.0",
    "requester": "/home/mihir/dev/Sandbox/mgen",
    "status": "found_in_store"
  },
  "16 debug pnpm:_dependency_resolved": {
    "resolution": "registry.npmjs.org/cross-env/7.0.3",
    "wanted": {
      "dependentId": ".",
      "name": "cross-env",
      "rawSpec": "^7.0.3"
    }
  },
  "17 debug pnpm:progress": {
    "packageId": "registry.npmjs.org/cross-env/7.0.3",
    "requester": "/home/mihir/dev/Sandbox/mgen",
    "status": "resolved"
  },
  "18 debug pnpm:progress": {
    "packageId": "registry.npmjs.org/cross-env/7.0.3",
    "requester": "/home/mihir/dev/Sandbox/mgen",
    "status": "found_in_store"
  },
  "19 debug pnpm:_dependency_resolved": {
    "resolution": "registry.npmjs.org/prettier-config-standard/4.1.0",
    "wanted": {
      "dependentId": ".",
      "name": "prettier-config-standard",
      "rawSpec": "^4.0.0"
    }
  },
  "20 debug pnpm:progress": {
    "packageId": "registry.npmjs.org/prettier-config-standard/4.1.0",
    "requester": "/home/mihir/dev/Sandbox/mgen",
    "status": "resolved"
  },
  "21 debug pnpm:_dependency_resolved": {
    "resolution": "registry.npmjs.org/path-browserify/1.0.1",
    "wanted": {
      "dependentId": ".",
      "name": "path-browserify",
      "rawSpec": "^1.0.1"
    }
  },
  "22 debug pnpm:progress": {
    "packageId": "registry.npmjs.org/path-browserify/1.0.1",
    "requester": "/home/mihir/dev/Sandbox/mgen",
    "status": "resolved"
  },
  "23 debug pnpm:_dependency_resolved": {
    "resolution": "registry.npmjs.org/webpack-dev-server/3.11.3",
    "wanted": {
      "dependentId": ".",
      "name": "webpack-dev-server",
      "rawSpec": "^3.11.2"
    }
  },
  "24 debug pnpm:progress": {
    "packageId": "registry.npmjs.org/webpack-dev-server/3.11.3",
    "requester": "/home/mihir/dev/Sandbox/mgen",
    "status": "resolved"
  },
  "25 debug pnpm:_dependency_resolved": {
    "resolution": "registry.npmjs.org/babel-loader/8.2.4",
    "wanted": {
      "dependentId": ".",
      "name": "babel-loader",
      "rawSpec": "^8.2.2"
    }
  },
  "26 debug pnpm:progress": {
    "packageId": "registry.npmjs.org/babel-loader/8.2.4",
    "requester": "/home/mihir/dev/Sandbox/mgen",
    "status": "resolved"
  },
  "27 debug pnpm:_dependency_resolved": {
    "resolution": "registry.npmjs.org/@babel/plugin-proposal-class-properties/7.16.7",
    "wanted": {
      "dependentId": ".",
      "name": "@babel/plugin-proposal-class-properties",
      "rawSpec": "^7.13.0"
    }
  },
  "28 debug pnpm:progress": {
    "packageId": "registry.npmjs.org/@babel/plugin-proposal-class-properties/7.16.7",
    "requester": "/home/mihir/dev/Sandbox/mgen",
    "status": "resolved"
  },
  "29 debug pnpm:_dependency_resolved": {
    "resolution": "registry.npmjs.org/style-loader/2.0.0",
    "wanted": {
      "dependentId": ".",
      "name": "style-loader",
      "rawSpec": "^2.0.0"
    }
  },
  "30 debug pnpm:progress": {
    "packageId": "registry.npmjs.org/style-loader/2.0.0",
    "requester": "/home/mihir/dev/Sandbox/mgen",
    "status": "resolved"
  },
  "31 debug pnpm:_dependency_resolved": {
    "resolution": "registry.npmjs.org/webpack-merge/5.8.0",
    "wanted": {
      "dependentId": ".",
      "name": "webpack-merge",
      "rawSpec": "^5.8.0"
    }
  },
  "32 debug pnpm:progress": {
    "packageId": "registry.npmjs.org/webpack-merge/5.8.0",
    "requester": "/home/mihir/dev/Sandbox/mgen",
    "status": "resolved"
  },
  "33 debug pnpm:_dependency_resolved": {
    "resolution": "registry.npmjs.org/webpack-cli/4.9.2",
    "wanted": {
      "dependentId": ".",
      "name": "webpack-cli",
      "rawSpec": "^4.7.0"
    }
  },
  "34 debug pnpm:progress": {
    "packageId": "registry.npmjs.org/webpack-cli/4.9.2",
    "requester": "/home/mihir/dev/Sandbox/mgen",
    "status": "resolved"
  },
  "35 debug pnpm:_dependency_resolved": {
    "resolution": "registry.npmjs.org/html-webpack-plugin/5.5.0",
    "wanted": {
      "dependentId": ".",
      "name": "html-webpack-plugin",
      "rawSpec": "^5.3.1"
    }
  },
  "36 debug pnpm:progress": {
    "packageId": "registry.npmjs.org/html-webpack-plugin/5.5.0",
    "requester": "/home/mihir/dev/Sandbox/mgen",
    "status": "resolved"
  },
  "37 debug pnpm:_dependency_resolved": {
    "resolution": "registry.npmjs.org/standard/16.0.4",
    "wanted": {
      "dependentId": ".",
      "name": "standard",
      "rawSpec": "^16.0.3"
    }
  },
  "38 debug pnpm:progress": {
    "packageId": "registry.npmjs.org/standard/16.0.4",
    "requester": "/home/mihir/dev/Sandbox/mgen",
    "status": "resolved"
  },
  "39 error pnpm": {
    "code": "ERR_PNPM_FETCH_404",
    "hint": "fs-browserify is not in the npm registry, or you have no permission to fetch it.\n\nAn authorization header was used: Bearer npm_[hidden]",
    "request": {
      "authHeaderValue": "Bearer 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",
      "url": "https://registry.npmjs.org/fs-browserify"
    },
    "response": {
      "size": 0
    },
    "pkgName": "fs-browserify",
    "pkgsStack": [],
    "err": {
      "name": "pnpm",
      "message": "GET https://registry.npmjs.org/fs-browserify: Not Found - 404",
      "code": "ERR_PNPM_FETCH_404",
      "stack": "pnpm: GET https://registry.npmjs.org/fs-browserify: Not Found - 404\n    at RetryOperation._fn (/home/mihir/.nvm/versions/node/v16.13.2/lib/node_modules/pnpm/dist/pnpm.cjs:85659:19)\n    at runMicrotasks (<anonymous>)\n    at processTicksAndRejections (node:internal/process/task_queues:96:5)"
    }
  }
}